Info:  Net Ref:/WORK/SYS_TOP/SO[2] is undriven.
Info:  Net Ref:/WORK/SYS_TOP/SO[1] is undriven.
Info:  Net Ref:/WORK/SYS_TOP/SO[0] is undriven.
Info:  Net Imp:/WORK/SYS_TOP/U0_ClkDiv.i_clk_en is undriven.
Info:  Net Imp:/WORK/UART_TX_test_1/U0_mux.IN_0 is undriven.
Info:  Net Imp:/WORK/UART_TX_test_1/U0_mux.IN_3 is undriven.
Info:  Net Imp:/WORK/SYS_CTRL_test_1/CLKDIV_EN is undriven.
Info:  Net Imp:/WORK/CTRL_RX_test_1/CLKDIV_EN is undriven.
Info:  Net Imp:/WORK/ALU_test_1/FE_UNCONNECTEDZ_0 is undriven.
Info:  Net Imp:/WORK/ALU_test_1/FE_UNCONNECTEDZ_1 is undriven.
Info:  Net Imp:/WORK/ALU_test_1/FE_UNCONNECTEDZ_2 is undriven.
Info:  Net Imp:/WORK/ALU_test_1/FE_UNCONNECTEDZ_3 is undriven.
Info:  Net Imp:/WORK/ALU_test_1/sub_46.CI is undriven.
Info:  Net Imp:/WORK/ALU_test_1/add_43.CI is undriven.
Info:  Net Imp:/WORK/ALU_test_1/mult_49.TC is undriven.
Info:  Net Imp:/WORK/ALU_DW_div_uns_0/remainder[7] is undriven.
Info:  Net Imp:/WORK/ALU_DW_div_uns_0/remainder[6] is undriven.
Info:  Net Imp:/WORK/ALU_DW_div_uns_0/remainder[5] is undriven.
Info:  Net Imp:/WORK/ALU_DW_div_uns_0/remainder[4] is undriven.
Info:  Net Imp:/WORK/ALU_DW_div_uns_0/remainder[3] is undriven.
Info:  Net Imp:/WORK/ALU_DW_div_uns_0/remainder[2] is undriven.
Info:  Net Imp:/WORK/ALU_DW_div_uns_0/remainder[1] is undriven.
Info:  Net Imp:/WORK/ALU_DW_div_uns_0/remainder[0] is undriven.
Info:  Net Imp:/WORK/ALU_DW_div_uns_0/divide_by_0 is undriven.
Info:  Net Imp:/WORK/ALU_DW01_sub_0/CO is undriven.
Info:  Net Imp:/WORK/ALU_DW01_add_0/CO is undriven.
Info:  Net Imp:/WORK/ALU_DW02_mult_0/FE_UNCONNECTEDZ_0 is undriven.
Info:  Net Imp:/WORK/ALU_DW02_mult_0/FE_UNCONNECTEDZ_1 is undriven.
Info:  Net Imp:/WORK/ALU_DW02_mult_0/FE_UNCONNECTEDZ_2 is undriven.
Info:  Net Imp:/WORK/ALU_DW02_mult_0/FE_UNCONNECTEDZ_3 is undriven.
Info:  Net Imp:/WORK/ALU_DW02_mult_0/FE_UNCONNECTEDZ_4 is undriven.
Info:  Net Imp:/WORK/ALU_DW02_mult_0/FE_UNCONNECTEDZ_5 is undriven.
Info:  Net Imp:/WORK/ALU_DW02_mult_0/FE_UNCONNECTEDZ_6 is undriven.
Info:  Net Imp:/WORK/ALU_DW02_mult_0/FE_UNCONNECTEDZ_7 is undriven.
Info:  Net Imp:/WORK/ALU_DW02_mult_0/FS_1.CI is undriven.
Info:  Net Imp:/WORK/ALU_DW01_add_1/CO is undriven.
Info:  guide_uniquify 49 (Line: 407)  Cannot find object "U5_mux2X1/U1" in design 'SYS_TOP'.
Info:  SVF Operation 49 (Line: 407) - uniquify.  Status: rejected
Info:  guide_uniquify 49 (Line: 407)  Cannot find object "U4_mux2X1/U1" in design 'SYS_TOP'.
Info:  guide_uniquify 49 (Line: 407)  Cannot find object "U3_mux2X1/U1" in design 'SYS_TOP'.
Info:  guide_uniquify 49 (Line: 407)  Cannot find object "U2_mux2X1/U1" in design 'SYS_TOP'.
Info:  guide_uniquify 49 (Line: 407)  Cannot find object "U1_mux2X1/U1" in design 'SYS_TOP'.
Info:  guide_uniquify 49 (Line: 407)  Cannot find object "U0_mux2X1/U1" in design 'SYS_TOP'.
Info:  guide_uniquify 57 (Line: 456)  Cannot find object "U0_ALU/dp_cluster_0/mult_49" in design 'SYS_TOP'.
Info:  Pre-verification of Ref:/WORK/ALU/div_52 SUCCEEDED.
Info:  Pre-verification of Ref:/WORK/ALU/mult_49 SUCCEEDED.
